[0512/110253.795:ERROR:process_info.cc(625)] range at 0x9ba66ac600000000, size 0x1f2 fully unreadable
[0512/110253.813:ERROR:process_info.cc(625)] range at 0x9ba66b2c00000000, size 0x1f2 fully unreadable
[0512/110253.813:ERROR:process_info.cc(625)] range at 0x0, size 0x1f2 fully unreadable
[0512/110253.913:ERROR:process_info.cc(373)] UncheckedAllocate
[0512/110256.925:ERROR:process_info.cc(625)] range at 0x78126ac400000000, size 0x276 fully unreadable
[0512/110256.925:ERROR:process_info.cc(625)] range at 0x78126b2a00000000, size 0x276 fully unreadable
[0512/110256.925:ERROR:process_info.cc(625)] range at 0x0, size 0x276 fully unreadable
[0512/110256.956:ERROR:process_info.cc(373)] UncheckedAllocate
[0512/110312.641:ERROR:process_info.cc(625)] range at 0xe3005f6c00000000, size 0x19b fully unreadable
[0512/110312.646:ERROR:process_info.cc(625)] range at 0xe3005f8c00000000, size 0x19b fully unreadable
[0512/110312.646:ERROR:process_info.cc(625)] range at 0x0, size 0x19b fully unreadable
[0512/110312.939:ERROR:process_info.cc(373)] UncheckedAllocate
[0804/205224.148:ERROR:scoped_process_suspend.cc(31)] NtSuspendProcess: 找不到对象名。  (0xc0000034)
[0804/205224.315:ERROR:process_reader_win.cc(151)] SuspendThread: 系统找不到指定的文件。 (0x2)
[0804/205224.315:ERROR:process_reader_win.cc(151)] SuspendThread: 系统找不到指定的文件。 (0x2)
[0804/205224.315:ERROR:process_reader_win.cc(151)] SuspendThread: 系统找不到指定的文件。 (0x2)
[0804/205224.315:ERROR:process_reader_win.cc(151)] SuspendThread: 系统找不到指定的文件。 (0x2)
[0804/205224.315:ERROR:process_reader_win.cc(151)] SuspendThread: 系统找不到指定的文件。 (0x2)
[0804/205224.315:ERROR:process_reader_win.cc(151)] SuspendThread: 系统找不到指定的文件。 (0x2)
[0804/205224.315:ERROR:process_reader_win.cc(151)] SuspendThread: 系统找不到指定的文件。 (0x2)
[0804/205224.315:ERROR:process_reader_win.cc(151)] SuspendThread: 系统找不到指定的文件。 (0x2)
[0804/205224.315:ERROR:process_reader_win.cc(151)] SuspendThread: 系统找不到指定的文件。 (0x2)
[0804/205224.315:ERROR:process_reader_win.cc(151)] SuspendThread: 系统找不到指定的文件。 (0x2)
[0804/205224.315:ERROR:process_reader_win.cc(151)] SuspendThread: 系统找不到指定的文件。 (0x2)
[0804/205224.315:ERROR:process_reader_win.cc(151)] SuspendThread: 系统找不到指定的文件。 (0x2)
[0804/205224.315:ERROR:process_reader_win.cc(151)] SuspendThread: 系统找不到指定的文件。 (0x2)
[0804/205224.315:ERROR:process_reader_win.cc(151)] SuspendThread: 系统找不到指定的文件。 (0x2)
[0804/205224.315:ERROR:process_reader_win.cc(151)] SuspendThread: 系统找不到指定的文件。 (0x2)
[0804/205224.315:ERROR:process_reader_win.cc(151)] SuspendThread: 系统找不到指定的文件。 (0x2)
[0804/205224.316:ERROR:process_reader_win.cc(151)] SuspendThread: 系统找不到指定的文件。 (0x2)
[0804/205224.316:ERROR:process_reader_win.cc(151)] SuspendThread: 系统找不到指定的文件。 (0x2)
[0804/205224.316:ERROR:process_reader_win.cc(151)] SuspendThread: 系统找不到指定的文件。 (0x2)
[0804/205224.316:ERROR:process_reader_win.cc(151)] SuspendThread: 系统找不到指定的文件。 (0x2)
[0804/205224.316:ERROR:process_reader_win.cc(151)] SuspendThread: 系统找不到指定的文件。 (0x2)
[0804/205224.316:ERROR:process_reader_win.cc(151)] SuspendThread: 系统找不到指定的文件。 (0x2)
[0804/205224.316:ERROR:process_reader_win.cc(151)] SuspendThread: 系统找不到指定的文件。 (0x2)
[0804/205224.316:ERROR:process_reader_win.cc(151)] SuspendThread: 系统找不到指定的文件。 (0x2)
[0804/205224.316:ERROR:process_reader_win.cc(151)] SuspendThread: 系统找不到指定的文件。 (0x2)
[0804/205224.316:ERROR:process_reader_win.cc(151)] SuspendThread: 系统找不到指定的文件。 (0x2)
[0804/205224.316:ERROR:process_reader_win.cc(151)] SuspendThread: 系统找不到指定的文件。 (0x2)
[0804/205224.316:ERROR:process_reader_win.cc(151)] SuspendThread: 系统找不到指定的文件。 (0x2)
[0804/205224.316:ERROR:process_reader_win.cc(151)] SuspendThread: 系统找不到指定的文件。 (0x2)
[0804/205224.316:ERROR:process_reader_win.cc(151)] SuspendThread: 系统找不到指定的文件。 (0x2)
[0804/205224.316:ERROR:process_reader_win.cc(151)] SuspendThread: 系统找不到指定的文件。 (0x2)
[0804/205224.448:ERROR:process_reader_win.cc(151)] SuspendThread: 系统找不到指定的文件。 (0x2)
[0804/205224.448:ERROR:process_reader_win.cc(151)] SuspendThread: 系统找不到指定的文件。 (0x2)
[0804/205224.448:ERROR:process_reader_win.cc(151)] SuspendThread: 系统找不到指定的文件。 (0x2)
[0804/205224.448:ERROR:process_reader_win.cc(151)] SuspendThread: 系统找不到指定的文件。 (0x2)
[0804/205224.448:ERROR:process_reader_win.cc(151)] SuspendThread: 系统找不到指定的文件。 (0x2)
[0804/205224.448:ERROR:process_reader_win.cc(151)] SuspendThread: 系统找不到指定的文件。 (0x2)
[0804/205224.448:ERROR:process_reader_win.cc(151)] SuspendThread: 系统找不到指定的文件。 (0x2)
[0804/205224.448:ERROR:process_reader_win.cc(151)] SuspendThread: 系统找不到指定的文件。 (0x2)
[0804/205224.448:ERROR:exception_snapshot_win.cc(87)] thread ID 2272 not found in process
[0804/205224.448:WARNING:crash_report_exception_handler.cc(62)] ProcessSnapshotWin::Initialize failed
